Arguments: 
  C:\Program Files\nodejs\node.exe D:\laragon\bin\yarn\bin\yarn.js

PATH: 
  C:\Python310\Scripts\;C:\Python310\;C:\Windows\system32;C:\Windows;C:\Windows\System32\Wbem;C:\Windows\System32\WindowsPowerShell\v1.0\;C:\Windows\System32\OpenSSH\;C:\Program Files\Git\cmd;C:\ProgramData\ComposerSetup\bin;C:\Program Files\nodejs\;C:\ProgramData\chocolatey\bin;C:\Program Files\dotnet\;C:\Program Files\PuTTY\;D:\laragon\bin\php\php-8.1.7-nts-Win32-vs16-x64;C:\Users\Md Rashedul Islam\AppData\Local\Yarn\config\global\node_modules\.bin;C:\Users\Md Rashedul Islam\AppData\Roaming\Composer\vendor\bin;C:\Users\Md Rashedul Islam\AppData\Roaming\npm;D:\laragon\bin;D:\laragon\bin\apache\httpd-2.4.35-win64-VC15\bin;D:\laragon\bin\composer;D:\laragon\bin\git\bin;D:\laragon\bin\git\cmd;D:\laragon\bin\git\mingw32\bin;D:\laragon\bin\git\usr\bin;D:\laragon\bin\laragon\utils;D:\laragon\bin\mysql\mysql-5.7.24-winx64\bin;D:\laragon\bin\nginx\nginx-1.16.0;D:\laragon\bin\ngrok;D:\laragon\bin\nodejs\node-v14;D:\laragon\bin\notepad++;D:\laragon\bin\php\php-8.1.7-nts-Win32-vs16-x64;D:\laragon\bin\putty;D:\laragon\bin\redis\redis-x64-3.2.100;D:\laragon\bin\telnet;D:\laragon\bin\yarn\bin;D:\laragon\usr\bin;C:\Users\Md Rashedul Islam\AppData\Local\Microsoft\WindowsApps;C:\Users\Md Rashedul Islam\AppData\Local\Programs\Microsoft VS Code\bin;C:\tools\dart-sdk\bin;

Yarn version: 
  1.10.1

Node version: 
  16.15.1

Platform: 
  win32 x64

Trace: 
  Error: https://registry.yarnpkg.com/cleave.js: Service Unavailable
      at Request.params.callback [as _callback] (D:\laragon\bin\yarn\lib\cli.js:61073:18)
      at Request.self.callback (D:\laragon\bin\yarn\lib\cli.js:120166:22)
      at Request.emit (node:events:527:28)
      at Request.<anonymous> (D:\laragon\bin\yarn\lib\cli.js:121138:10)
      at Request.emit (node:events:527:28)
      at IncomingMessage.<anonymous> (D:\laragon\bin\yarn\lib\cli.js:121060:12)
      at Object.onceWrapper (node:events:641:28)
      at IncomingMessage.emit (node:events:539:35)
      at endReadableNT (node:internal/streams/readable:1345:12)
      at processTicksAndRejections (node:internal/process/task_queues:83:21)

npm manifest: 
  {
    "private": true,
    "scripts": {
      "dev": "npm run development",
      "development": "mix",
      "watch": "mix watch",
      "watch-poll": "mix watch -- --watch-options-poll=1000",
      "hot": "mix watch --hot",
      "prod": "npm run production",
      "production": "mix --production"
    },
    "dependencies": {
      "@fortawesome/fontawesome-free": "~6.2.0",
      "@fullcalendar/core": "~5.11.3",
      "@fullcalendar/daygrid": "~5.11.3",
      "@fullcalendar/interaction": "~5.11.3",
      "@fullcalendar/list": "~5.11.3",
      "@fullcalendar/timegrid": "~5.11.3",
      "@fullcalendar/timeline": "~5.11.3",
      "@popperjs/core": "^2.11.6",
      "@simonwep/pickr": "~1.8.2",
      "@yaireo/tagify": "~4.16.4",
      "alpinejs": "^3.9.0",
      "animate.css": "~4.1.1",
      "aos": "~2.3.4",
      "apexcharts-clevision": "^3.28.5",
      "autosize": "~5.0.1",
      "block-ui": "~2.70.1",
      "bloodhound-js": "~1.2.3",
      "bootstrap": "~5.2.1",
      "bootstrap-datepicker": "~1.9.0",
      "bootstrap-daterangepicker": "~3.1.0",
      "bootstrap-maxlength": "~1.10.1",
      "bootstrap-select": "github:snapappointments/bootstrap-select#main",
      "boxicons": "~2.1.4",
      "bs-stepper": "~1.7.0",
      "chart.js": "~3.9.1",
      "chartjs-plugin-style": "~0.5.0",
      "cleave.js": "~1.6.0",
      "clipboard": "~2.0.11",
      "corepack": "^0.15.3",
      "datatables.net": "~1.12.1",
      "datatables.net-bs5": "~1.12.1",
      "datatables.net-buttons": "~2.2.3",
      "datatables.net-buttons-bs5": "~2.2.3",
      "datatables.net-fixedcolumns": "~4.1.0",
      "datatables.net-fixedcolumns-bs5": "~4.1.0",
      "datatables.net-fixedheader": "~3.2.4",
      "datatables.net-fixedheader-bs5": "~3.2.4",
      "datatables.net-responsive": "~2.3.0",
      "datatables.net-responsive-bs5": "~2.3.0",
      "datatables.net-rowgroup": "~1.2.0",
      "datatables.net-rowgroup-bs5": "~1.2.0",
      "datatables.net-select": "~1.4.0",
      "datatables.net-select-bs5": "~1.4.0",
      "dropzone": "~5.9.3",
      "flag-icons": "^6.6.6",
      "flatpickr": "~4.6.13",
      "g": "^2.0.1",
      "hammerjs": "~2.0.8",
      "highlight.js": "~11.6.0",
      "i18next": "~21.9.2",
      "i18next-browser-languagedetector": "~6.1.5",
      "i18next-http-backend": "~1.4.4",
      "jquery": "~3.6.1",
      "jquery-datatables-checkboxes": "~1.2.13",
      "jquery-sticky": "~1.0.4",
      "jquery.repeater": "~1.2.1",
      "jstree": "~3.3.12",
      "jszip": "~3.10.1",
      "katex": "~0.16.2",
      "leaflet": "~1.9.0",
      "masonry-layout": "~4.2.2",
      "moment": "~2.29.4",
      "nouislider": "~15.6.1",
      "numeral": "~2.0.6",
      "pdfmake": "~0.2.5",
      "perfect-scrollbar": "~1.5.5",
      "plyr": "^3.7.2",
      "quill": "~1.3.7",
      "rateyo": "~2.3.5",
      "sass": "^1.55.0",
      "select2": "~4.0.13",
      "shepherd.js": "~10.0.1",
      "sortablejs": "~1.15.0",
      "spinkit": "~2.0.1",
      "sweetalert2": "~11.4.33",
      "swiper": "~8.4.2",
      "timepicker": "~1.13.18",
      "toastr": "~2.1.4",
      "typeahead.js": "~0.11.1"
    },
    "devDependencies": {
      "@babel/core": "7.15.8",
      "@babel/plugin-proposal-object-rest-spread": "7.15.6",
      "@babel/plugin-syntax-dynamic-import": "7.8.3",
      "@babel/plugin-transform-runtime": "7.15.8",
      "@babel/preset-env": "7.15.8",
      "@prettier/plugin-php": "0.19.1",
      "axios": "^0.27.2",
      "babel-loader": "^8.2.4",
      "browser-sync": "^2.27.10",
      "browser-sync-webpack-plugin": "2.3.0",
      "cross-env": "^7.0.3",
      "eslint-webpack-plugin": "^3.2.0",
      "laravel-mix": "^6.0.49",
      "laravel-mix-eslint-config": "^0.1.7",
      "lodash": "^4.17.21",
      "postcss": "^8.4.16",
      "prettier": "2.7.1",
      "resolve-url-loader": "5.0.0",
      "sass-loader": "13.0.2"
    },
    "overrides": {
      "autoprefixer": "10.4.5",
      "webpack": "5.60.0",
      "webpack-cli": "4.9.1",
      "prop-types": "15.7.2"
    },
    "resolutions": {
      "autoprefixer": "10.4.5",
      "webpack": "5.60.0",
      "webpack-cli": "4.9.1",
      "prop-types": "15.7.2"
    },
    "browserslist": [
      ">= 1%",
      "last 2 versions",
      "not dead",
      "Chrome >= 45",
      "Firefox >= 38",
      "Edge >= 12",
      "Explorer >= 10",
      "iOS >= 9",
      "Safari >= 9",
      "Android >= 4.4",
      "Opera >= 30"
    ],
    "babel": {
      "presets": [
        [
          "@babel/env",
          {
            "targets": {
              "browsers": [
                ">= 1%",
                "last 2 versions",
                "not dead",
                "Chrome >= 45",
                "Firefox >= 38",
                "Edge >= 12",
                "Explorer >= 10",
                "iOS >= 9",
                "Safari >= 9",
                "Android >= 4.4",
                "Opera >= 30"
              ]
            }
          }
        ]
      ]
    }
  }

yarn manifest: 
  No manifest

Lockfile: 
  No lockfile
